[2021-05-16 05:28:54,961] {taskinstance.py:655} INFO - Dependencies all met for <TaskInstance: json_data_ingesation.json_file_check 2021-05-16T05:28:11.412236+00:00 [queued]>
[2021-05-16 05:28:54,968] {taskinstance.py:655} INFO - Dependencies all met for <TaskInstance: json_data_ingesation.json_file_check 2021-05-16T05:28:11.412236+00:00 [queued]>
[2021-05-16 05:28:54,968] {taskinstance.py:866} INFO - 
--------------------------------------------------------------------------------
[2021-05-16 05:28:54,968] {taskinstance.py:867} INFO - Starting attempt 1 of 2
[2021-05-16 05:28:54,968] {taskinstance.py:868} INFO - 
--------------------------------------------------------------------------------
[2021-05-16 05:28:54,978] {taskinstance.py:887} INFO - Executing <Task(BashOperator): json_file_check> on 2021-05-16T05:28:11.412236+00:00
[2021-05-16 05:28:54,980] {standard_task_runner.py:53} INFO - Started process 2207 to run task
[2021-05-16 05:28:55,029] {logging_mixin.py:112} INFO - Running %s on host %s <TaskInstance: json_data_ingesation.json_file_check 2021-05-16T05:28:11.412236+00:00 [running]> ip-172-31-21-147.ec2.internal
[2021-05-16 05:28:55,040] {bash_operator.py:82} INFO - Tmp dir root location: 
 /tmp
[2021-05-16 05:28:55,042] {bash_operator.py:105} INFO - Temporary script location: /tmp/airflowtmpU2Dp_k/json_file_checkRiiPL2
[2021-05-16 05:28:55,042] {bash_operator.py:115} INFO - Running command: shasum ~/airflow/datasources/src1/data*
[2021-05-16 05:28:55,046] {bash_operator.py:122} INFO - Output:
[2021-05-16 05:28:55,067] {bash_operator.py:126} INFO - d7ca3afb3e1adcaaa52d7905f4d44a240a3ede87  /home/ubuntu/airflow/datasources/src1/data_20210124.json
[2021-05-16 05:28:55,068] {bash_operator.py:126} INFO - 125da1eedfdf363ab0480ce20076977606264e42  /home/ubuntu/airflow/datasources/src1/data_20210125.json
[2021-05-16 05:28:55,068] {bash_operator.py:126} INFO - a5a5b50deafad5ee99a412587507bdb8980d286e  /home/ubuntu/airflow/datasources/src1/data_20210126.json
[2021-05-16 05:28:55,068] {bash_operator.py:130} INFO - Command exited with return code 0
[2021-05-16 05:28:55,075] {taskinstance.py:1048} INFO - Marking task as SUCCESS.dag_id=json_data_ingesation, task_id=json_file_check, execution_date=20210516T052811, start_date=20210516T052854, end_date=20210516T052855
[2021-05-16 05:29:04,958] {logging_mixin.py:112} INFO - [2021-05-16 05:29:04,958] {local_task_job.py:103} INFO - Task exited with return code 0
