[2021-06-27 05:00:15,718] {taskinstance.py:655} INFO - Dependencies all met for <TaskInstance: csv_data_ingesation.csv_file_check 2021-06-27T04:59:53.982771+00:00 [queued]>
[2021-06-27 05:00:15,725] {taskinstance.py:655} INFO - Dependencies all met for <TaskInstance: csv_data_ingesation.csv_file_check 2021-06-27T04:59:53.982771+00:00 [queued]>
[2021-06-27 05:00:15,725] {taskinstance.py:866} INFO - 
--------------------------------------------------------------------------------
[2021-06-27 05:00:15,725] {taskinstance.py:867} INFO - Starting attempt 1 of 2
[2021-06-27 05:00:15,725] {taskinstance.py:868} INFO - 
--------------------------------------------------------------------------------
[2021-06-27 05:00:15,735] {taskinstance.py:887} INFO - Executing <Task(BashOperator): csv_file_check> on 2021-06-27T04:59:53.982771+00:00
[2021-06-27 05:00:15,737] {standard_task_runner.py:53} INFO - Started process 2367 to run task
[2021-06-27 05:00:15,788] {logging_mixin.py:112} INFO - Running %s on host %s <TaskInstance: csv_data_ingesation.csv_file_check 2021-06-27T04:59:53.982771+00:00 [running]> ip-172-31-21-147.ec2.internal
[2021-06-27 05:00:15,800] {bash_operator.py:82} INFO - Tmp dir root location: 
 /tmp
[2021-06-27 05:00:15,802] {bash_operator.py:105} INFO - Temporary script location: /tmp/airflowtmp14HALW/csv_file_checkw12KY0
[2021-06-27 05:00:15,802] {bash_operator.py:115} INFO - Running command: shasum ~/airflow/datasources/src2/engagement*
[2021-06-27 05:00:15,807] {bash_operator.py:122} INFO - Output:
[2021-06-27 05:00:15,830] {bash_operator.py:126} INFO - 00da60d466e1e15b46352cba1f133124a7bc254d  /home/ubuntu/airflow/datasources/src2/engagement_20210124.csv
[2021-06-27 05:00:15,830] {bash_operator.py:126} INFO - a05155feda8ea841f2105a49870bbfc6c1d098d8  /home/ubuntu/airflow/datasources/src2/engagement_20210125.csv
[2021-06-27 05:00:15,830] {bash_operator.py:126} INFO - f42942eb26e9e57715d50a4ccdf198275e135d8f  /home/ubuntu/airflow/datasources/src2/engagement_20210126.csv
[2021-06-27 05:00:15,831] {bash_operator.py:130} INFO - Command exited with return code 0
[2021-06-27 05:00:15,838] {taskinstance.py:1048} INFO - Marking task as SUCCESS.dag_id=csv_data_ingesation, task_id=csv_file_check, execution_date=20210627T045953, start_date=20210627T050015, end_date=20210627T050015
[2021-06-27 05:00:25,715] {logging_mixin.py:112} INFO - [2021-06-27 05:00:25,714] {local_task_job.py:103} INFO - Task exited with return code 0
