[2021-05-16 05:52:37,743] {taskinstance.py:655} INFO - Dependencies all met for <TaskInstance: json_data_ingesation.process_json 2021-05-16T05:51:20.017795+00:00 [queued]>
[2021-05-16 05:52:37,753] {taskinstance.py:655} INFO - Dependencies all met for <TaskInstance: json_data_ingesation.process_json 2021-05-16T05:51:20.017795+00:00 [queued]>
[2021-05-16 05:52:37,754] {taskinstance.py:866} INFO - 
--------------------------------------------------------------------------------
[2021-05-16 05:52:37,754] {taskinstance.py:867} INFO - Starting attempt 1 of 2
[2021-05-16 05:52:37,754] {taskinstance.py:868} INFO - 
--------------------------------------------------------------------------------
[2021-05-16 05:52:37,763] {taskinstance.py:887} INFO - Executing <Task(PythonOperator): process_json> on 2021-05-16T05:51:20.017795+00:00
[2021-05-16 05:52:37,766] {standard_task_runner.py:53} INFO - Started process 3246 to run task
[2021-05-16 05:52:37,815] {logging_mixin.py:112} INFO - Running %s on host %s <TaskInstance: json_data_ingesation.process_json 2021-05-16T05:51:20.017795+00:00 [running]> ip-172-31-21-147.ec2.internal
[2021-05-16 05:52:37,863] {logging_mixin.py:112} WARNING - /home/ubuntu/airflow/dags/process_utils.py:23: FutureWarning: Sorting because non-concatenation axis is not aligned. A future version
of pandas will change to not sort by default.

To accept the future behavior, pass 'sort=False'.

To retain the current behavior and silence the warning, pass 'sort=True'.

  df_file=pd.concat(df_file_level)
[2021-05-16 05:52:37,930] {logging_mixin.py:112} WARNING - /home/ubuntu/airflow/dags/process_utils.py:27: FutureWarning: Sorting because non-concatenation axis is not aligned. A future version
of pandas will change to not sort by default.

To accept the future behavior, pass 'sort=False'.

To retain the current behavior and silence the warning, pass 'sort=True'.

  final=pd.concat(df_list)
[2021-05-16 05:52:37,941] {python_operator.py:114} INFO - Done. Returned value was: True
[2021-05-16 05:52:37,953] {taskinstance.py:1048} INFO - Marking task as SUCCESS.dag_id=json_data_ingesation, task_id=process_json, execution_date=20210516T055120, start_date=20210516T055237, end_date=20210516T055237
[2021-05-16 05:52:47,736] {logging_mixin.py:112} INFO - [2021-05-16 05:52:47,736] {local_task_job.py:103} INFO - Task exited with return code 0
